[2021-10-07 17:26:33.318] [jointLog] [info] setting maxHashResizeThreads to 40
[2021-10-07 17:26:33.318] [jointLog] [info] Fragment incompatibility prior below threshold.  Incompatible fragments will be ignored.
[2021-10-07 17:26:33.318] [jointLog] [info] Usage of --validateMappings implies use of minScoreFraction. Since not explicitly specified, it is being set to 0.65
[2021-10-07 17:26:33.318] [jointLog] [info] Setting consensusSlack to selective-alignment default of 0.35.
[2021-10-07 17:26:33.318] [jointLog] [info] parsing read library format
[2021-10-07 17:26:33.318] [jointLog] [info] There is 1 library.
[2021-10-07 17:26:33.361] [jointLog] [info] Loading pufferfish index
[2021-10-07 17:26:33.361] [jointLog] [info] Loading dense pufferfish index.
[2021-10-07 17:26:34.231] [jointLog] [info] done
[2021-10-07 17:26:34.231] [jointLog] [info] Index contained 31,748 targets
[2021-10-07 17:26:34.843] [jointLog] [info] Number of decoys : 1,870
[2021-10-07 17:26:34.843] [jointLog] [info] First decoy index : 29,878 
[2021-10-07 17:26:35.323] [jointLog] [info] Automatically detected most likely library type as IU

[2021-10-07 17:28:10.481] [fileLog] [info] 
At end of round 0
==================
Observed 22681840 total fragments (22681840 in most recent round)

[2021-10-07 17:28:10.480] [jointLog] [info] Computed 36,572 rich equivalence classes for further processing
[2021-10-07 17:28:10.480] [jointLog] [info] Counted 21,293,868 total reads in the equivalence classes 
[2021-10-07 17:28:10.504] [jointLog] [info] Number of mappings discarded because of alignment score : 4,056,835
[2021-10-07 17:28:10.504] [jointLog] [info] Number of fragments entirely discarded because of alignment score : 714,347
[2021-10-07 17:28:10.504] [jointLog] [info] Number of fragments discarded because they are best-mapped to decoys : 495,141
[2021-10-07 17:28:10.504] [jointLog] [info] Number of fragments discarded because they have only dovetail (discordant) mappings to valid targets : 585,987
[2021-10-07 17:28:10.504] [jointLog] [info] Mapping rate = 93.8807%

[2021-10-07 17:28:10.504] [jointLog] [info] finished quantifyLibrary()
[2021-10-07 17:28:10.504] [jointLog] [info] Starting optimizer
[2021-10-07 17:28:10.535] [jointLog] [info] Marked 0 weighted equivalence classes as degenerate
[2021-10-07 17:28:10.538] [jointLog] [info] iteration = 0 | max rel diff. = 34613.9
[2021-10-07 17:28:10.564] [jointLog] [info] iteration 11, adjusting effective lengths to account for biases
[2021-10-07 17:28:16.011] [jointLog] [info] Computed expected counts (for bias correction)
[2021-10-07 17:28:16.011] [jointLog] [info] processed bias for 0.1% of the transcripts
[2021-10-07 17:28:16.560] [jointLog] [info] processed bias for 10.0% of the transcripts
[2021-10-07 17:28:17.042] [jointLog] [info] processed bias for 20.0% of the transcripts
[2021-10-07 17:28:17.548] [jointLog] [info] processed bias for 30.0% of the transcripts
[2021-10-07 17:28:18.075] [jointLog] [info] processed bias for 40.0% of the transcripts
[2021-10-07 17:28:18.646] [jointLog] [info] processed bias for 50.0% of the transcripts
[2021-10-07 17:28:19.268] [jointLog] [info] processed bias for 60.0% of the transcripts
[2021-10-07 17:28:19.811] [jointLog] [info] processed bias for 70.0% of the transcripts
[2021-10-07 17:28:20.406] [jointLog] [info] processed bias for 80.0% of the transcripts
[2021-10-07 17:28:21.017] [jointLog] [info] processed bias for 90.0% of the transcripts
[2021-10-07 17:28:21.865] [jointLog] [info] processed bias for 100.0% of the transcripts
[2021-10-07 17:28:21.972] [jointLog] [info] processed bias for 100.0% of the transcripts
[2021-10-07 17:28:22.185] [jointLog] [info] iteration = 100 | max rel diff. = 15.9992
[2021-10-07 17:28:22.418] [jointLog] [info] iteration = 200 | max rel diff. = 3.28338
[2021-10-07 17:28:22.651] [jointLog] [info] iteration = 300 | max rel diff. = 0.300666
[2021-10-07 17:28:22.885] [jointLog] [info] iteration = 400 | max rel diff. = 1.03821
[2021-10-07 17:28:23.119] [jointLog] [info] iteration = 500 | max rel diff. = 0.299488
[2021-10-07 17:28:23.354] [jointLog] [info] iteration = 600 | max rel diff. = 0.750309
[2021-10-07 17:28:23.588] [jointLog] [info] iteration = 700 | max rel diff. = 6.20158
[2021-10-07 17:28:23.822] [jointLog] [info] iteration = 800 | max rel diff. = 0.0681815
[2021-10-07 17:28:24.059] [jointLog] [info] iteration = 900 | max rel diff. = 0.10911
[2021-10-07 17:28:24.292] [jointLog] [info] iteration = 1,000 | max rel diff. = 2.52093
[2021-10-07 17:28:24.525] [jointLog] [info] iteration = 1,100 | max rel diff. = 0.0123883
[2021-10-07 17:28:24.675] [jointLog] [info] iteration = 1,165 | max rel diff. = 0.00862719
[2021-10-07 17:28:24.683] [jointLog] [info] Finished optimizer
[2021-10-07 17:28:24.683] [jointLog] [info] writing output 

