[2022-03-23 16:26:23.902] [jointLog] [info] setting maxHashResizeThreads to 40
[2022-03-23 16:26:23.902] [jointLog] [info] Fragment incompatibility prior below threshold.  Incompatible fragments will be ignored.
[2022-03-23 16:26:23.902] [jointLog] [info] Usage of --validateMappings implies use of minScoreFraction. Since not explicitly specified, it is being set to 0.65
[2022-03-23 16:26:23.902] [jointLog] [info] Setting consensusSlack to selective-alignment default of 0.35.
[2022-03-23 16:26:23.902] [jointLog] [info] parsing read library format
[2022-03-23 16:26:23.902] [jointLog] [info] There is 1 library.
[2022-03-23 16:26:23.977] [jointLog] [info] Loading pufferfish index
[2022-03-23 16:26:23.985] [jointLog] [info] Loading dense pufferfish index.
[2022-03-23 16:26:26.006] [jointLog] [info] done
[2022-03-23 16:26:26.006] [jointLog] [info] Index contained 31,669 targets
[2022-03-23 16:26:26.438] [jointLog] [info] Number of decoys : 7,619
[2022-03-23 16:26:26.438] [jointLog] [info] First decoy index : 24,050 
[2022-03-23 16:26:26.817] [jointLog] [info] Automatically detected most likely library type as IU

[2022-03-23 16:27:41.928] [jointLog] [info] Computed 26,368 rich equivalence classes for further processing
[2022-03-23 16:27:41.928] [jointLog] [info] Counted 17,430,730 total reads in the equivalence classes 
[2022-03-23 16:27:41.952] [jointLog] [info] Number of mappings discarded because of alignment score : 3,343,086
[2022-03-23 16:27:41.952] [jointLog] [info] Number of fragments entirely discarded because of alignment score : 2,329,627
[2022-03-23 16:27:41.952] [jointLog] [info] Number of fragments discarded because they are best-mapped to decoys : 2,105,794
[2022-03-23 16:27:41.952] [jointLog] [info] Number of fragments discarded because they have only dovetail (discordant) mappings to valid targets : 403,862
[2022-03-23 16:27:41.952] [jointLog] [info] Mapping rate = 83.84%

[2022-03-23 16:27:41.953] [jointLog] [info] finished quantifyLibrary()
[2022-03-23 16:27:41.953] [jointLog] [info] Starting optimizer
[2022-03-23 16:27:41.971] [jointLog] [info] Marked 0 weighted equivalence classes as degenerate
[2022-03-23 16:27:41.974] [jointLog] [info] iteration = 0 | max rel diff. = 22754.3
[2022-03-23 16:27:41.997] [jointLog] [info] iteration 11, adjusting effective lengths to account for biases
[2022-03-23 16:27:41.929] [fileLog] [info] 
At end of round 0
==================
Observed 20790466 total fragments (20790466 in most recent round)

[2022-03-23 16:27:45.015] [jointLog] [info] Computed expected counts (for bias correction)
[2022-03-23 16:27:45.016] [jointLog] [info] processed bias for 0.0% of the transcripts
[2022-03-23 16:27:45.297] [jointLog] [info] processed bias for 10.0% of the transcripts
[2022-03-23 16:27:45.609] [jointLog] [info] processed bias for 20.0% of the transcripts
[2022-03-23 16:27:45.893] [jointLog] [info] processed bias for 30.0% of the transcripts
[2022-03-23 16:27:46.204] [jointLog] [info] processed bias for 40.0% of the transcripts
[2022-03-23 16:27:46.538] [jointLog] [info] processed bias for 50.0% of the transcripts
[2022-03-23 16:27:46.890] [jointLog] [info] processed bias for 60.0% of the transcripts
[2022-03-23 16:27:47.240] [jointLog] [info] processed bias for 70.0% of the transcripts
[2022-03-23 16:27:47.595] [jointLog] [info] processed bias for 80.0% of the transcripts
[2022-03-23 16:27:47.942] [jointLog] [info] processed bias for 90.0% of the transcripts
[2022-03-23 16:27:48.330] [jointLog] [info] processed bias for 100.0% of the transcripts
[2022-03-23 16:27:48.492] [jointLog] [info] iteration = 100 | max rel diff. = 5.52456
[2022-03-23 16:27:48.678] [jointLog] [info] iteration = 200 | max rel diff. = 19.6295
[2022-03-23 16:27:48.865] [jointLog] [info] iteration = 300 | max rel diff. = 2.47424
[2022-03-23 16:27:49.048] [jointLog] [info] iteration = 400 | max rel diff. = 0.644343
[2022-03-23 16:27:49.238] [jointLog] [info] iteration = 500 | max rel diff. = 0.10426
[2022-03-23 16:27:49.427] [jointLog] [info] iteration = 600 | max rel diff. = 0.178832
[2022-03-23 16:27:49.616] [jointLog] [info] iteration = 700 | max rel diff. = 0.0387508
[2022-03-23 16:27:49.805] [jointLog] [info] iteration = 800 | max rel diff. = 6.02327
[2022-03-23 16:27:49.993] [jointLog] [info] iteration = 900 | max rel diff. = 0.0195505
[2022-03-23 16:27:50.184] [jointLog] [info] iteration = 1,000 | max rel diff. = 0.643329
[2022-03-23 16:27:50.371] [jointLog] [info] iteration = 1,100 | max rel diff. = 0.0535716
[2022-03-23 16:27:50.545] [jointLog] [info] iteration = 1,192 | max rel diff. = 0.00505084
[2022-03-23 16:27:50.550] [jointLog] [info] Finished optimizer
[2022-03-23 16:27:50.550] [jointLog] [info] writing output 

