[2021-10-15 12:19:10.251] [jointLog] [info] setting maxHashResizeThreads to 40
[2021-10-15 12:19:10.251] [jointLog] [info] Fragment incompatibility prior below threshold.  Incompatible fragments will be ignored.
[2021-10-15 12:19:10.251] [jointLog] [info] Usage of --validateMappings implies use of minScoreFraction. Since not explicitly specified, it is being set to 0.65
[2021-10-15 12:19:10.251] [jointLog] [info] Setting consensusSlack to selective-alignment default of 0.35.
[2021-10-15 12:19:10.251] [jointLog] [info] parsing read library format
[2021-10-15 12:19:10.251] [jointLog] [info] There is 1 library.
[2021-10-15 12:19:10.300] [jointLog] [info] Loading pufferfish index
[2021-10-15 12:19:10.300] [jointLog] [info] Loading dense pufferfish index.
[2021-10-15 12:19:11.084] [jointLog] [info] done
[2021-10-15 12:19:11.084] [jointLog] [info] Index contained 31,748 targets
[2021-10-15 12:19:11.560] [jointLog] [info] Number of decoys : 1,870
[2021-10-15 12:19:11.560] [jointLog] [info] First decoy index : 29,878 
[2021-10-15 12:19:11.982] [jointLog] [info] Automatically detected most likely library type as IU

[2021-10-15 12:19:41.572] [fileLog] [info] 
At end of round 0
==================
Observed 7996814 total fragments (7996814 in most recent round)

[2021-10-15 12:19:41.572] [jointLog] [info] Computed 24,769 rich equivalence classes for further processing
[2021-10-15 12:19:41.572] [jointLog] [info] Counted 7,181,262 total reads in the equivalence classes 
[2021-10-15 12:19:41.590] [jointLog] [info] Number of mappings discarded because of alignment score : 1,407,142
[2021-10-15 12:19:41.590] [jointLog] [info] Number of fragments entirely discarded because of alignment score : 291,912
[2021-10-15 12:19:41.590] [jointLog] [info] Number of fragments discarded because they are best-mapped to decoys : 209,973
[2021-10-15 12:19:41.590] [jointLog] [info] Number of fragments discarded because they have only dovetail (discordant) mappings to valid targets : 266,835
[2021-10-15 12:19:41.590] [jointLog] [info] Mapping rate = 89.8015%

[2021-10-15 12:19:41.590] [jointLog] [info] finished quantifyLibrary()
[2021-10-15 12:19:41.590] [jointLog] [info] Starting optimizer
[2021-10-15 12:19:41.607] [jointLog] [info] Marked 0 weighted equivalence classes as degenerate
[2021-10-15 12:19:41.611] [jointLog] [info] iteration = 0 | max rel diff. = 8213.35
[2021-10-15 12:19:41.634] [jointLog] [info] iteration 11, adjusting effective lengths to account for biases
[2021-10-15 12:19:45.077] [jointLog] [info] Computed expected counts (for bias correction)
[2021-10-15 12:19:45.078] [jointLog] [info] processed bias for 0.0% of the transcripts
[2021-10-15 12:19:45.251] [jointLog] [info] processed bias for 10.0% of the transcripts
[2021-10-15 12:19:45.578] [jointLog] [info] processed bias for 20.0% of the transcripts
[2021-10-15 12:19:45.949] [jointLog] [info] processed bias for 30.0% of the transcripts
[2021-10-15 12:19:46.310] [jointLog] [info] processed bias for 40.0% of the transcripts
[2021-10-15 12:19:46.679] [jointLog] [info] processed bias for 50.0% of the transcripts
[2021-10-15 12:19:47.070] [jointLog] [info] processed bias for 60.0% of the transcripts
[2021-10-15 12:19:47.366] [jointLog] [info] processed bias for 70.0% of the transcripts
[2021-10-15 12:19:47.703] [jointLog] [info] processed bias for 80.0% of the transcripts
[2021-10-15 12:19:48.101] [jointLog] [info] processed bias for 90.0% of the transcripts
[2021-10-15 12:19:48.646] [jointLog] [info] processed bias for 100.0% of the transcripts
[2021-10-15 12:19:48.671] [jointLog] [info] processed bias for 100.0% of the transcripts
[2021-10-15 12:19:48.886] [jointLog] [info] iteration = 100 | max rel diff. = 14.5682
[2021-10-15 12:19:49.125] [jointLog] [info] iteration = 200 | max rel diff. = 6.84237
[2021-10-15 12:19:49.362] [jointLog] [info] iteration = 300 | max rel diff. = 2.42557
[2021-10-15 12:19:49.600] [jointLog] [info] iteration = 400 | max rel diff. = 0.416749
[2021-10-15 12:19:49.838] [jointLog] [info] iteration = 500 | max rel diff. = 0.124428
[2021-10-15 12:19:50.076] [jointLog] [info] iteration = 600 | max rel diff. = 2.58205
[2021-10-15 12:19:50.312] [jointLog] [info] iteration = 700 | max rel diff. = 0.0274171
[2021-10-15 12:19:50.456] [jointLog] [info] iteration = 762 | max rel diff. = 0.00470217
[2021-10-15 12:19:50.463] [jointLog] [info] Finished optimizer
[2021-10-15 12:19:50.463] [jointLog] [info] writing output 

[2021-10-15 12:19:50.503] [jointLog] [warning] NOTE: Read Lib [[ /data/acmajane/hybrid_AG/hybrid_3_mel_v3_r1.fq.gz, /data/acmajane/hybrid_AG/hybrid_3_mel_v3_r2.fq.gz]] :

Detected a *potential* strand bias > 1% in an unstranded protocol check the file: salmonv3/mel_3_quant/lib_format_counts.json for details

