[2021-10-07 17:17:49.913] [jointLog] [info] setting maxHashResizeThreads to 40
[2021-10-07 17:17:49.913] [jointLog] [info] Fragment incompatibility prior below threshold.  Incompatible fragments will be ignored.
[2021-10-07 17:17:49.913] [jointLog] [info] Usage of --validateMappings implies use of minScoreFraction. Since not explicitly specified, it is being set to 0.65
[2021-10-07 17:17:49.914] [jointLog] [info] Setting consensusSlack to selective-alignment default of 0.35.
[2021-10-07 17:17:49.914] [jointLog] [info] parsing read library format
[2021-10-07 17:17:49.914] [jointLog] [info] There is 1 library.
[2021-10-07 17:17:49.981] [jointLog] [info] Loading pufferfish index
[2021-10-07 17:17:49.984] [jointLog] [info] Loading dense pufferfish index.
[2021-10-07 17:17:52.403] [jointLog] [info] done
[2021-10-07 17:17:52.403] [jointLog] [info] Index contained 31,748 targets
[2021-10-07 17:17:53.005] [jointLog] [info] Number of decoys : 1,870
[2021-10-07 17:17:53.005] [jointLog] [info] First decoy index : 29,878 
[2021-10-07 17:17:53.532] [jointLog] [info] Automatically detected most likely library type as IU

[2021-10-07 17:19:20.089] [fileLog] [info] 
At end of round 0
==================
Observed 20758570 total fragments (20758570 in most recent round)

[2021-10-07 17:19:20.088] [jointLog] [info] Computed 35,915 rich equivalence classes for further processing
[2021-10-07 17:19:20.088] [jointLog] [info] Counted 19,606,872 total reads in the equivalence classes 
[2021-10-07 17:19:20.113] [jointLog] [info] Number of mappings discarded because of alignment score : 3,755,698
[2021-10-07 17:19:20.113] [jointLog] [info] Number of fragments entirely discarded because of alignment score : 611,748
[2021-10-07 17:19:20.113] [jointLog] [info] Number of fragments discarded because they are best-mapped to decoys : 399,948
[2021-10-07 17:19:20.113] [jointLog] [info] Number of fragments discarded because they have only dovetail (discordant) mappings to valid targets : 480,068
[2021-10-07 17:19:20.113] [jointLog] [info] Mapping rate = 94.4519%

[2021-10-07 17:19:20.113] [jointLog] [info] finished quantifyLibrary()
[2021-10-07 17:19:20.113] [jointLog] [info] Starting optimizer
[2021-10-07 17:19:20.139] [jointLog] [info] Marked 0 weighted equivalence classes as degenerate
[2021-10-07 17:19:20.146] [jointLog] [info] iteration = 0 | max rel diff. = 12796.7
[2021-10-07 17:19:20.172] [jointLog] [info] iteration 11, adjusting effective lengths to account for biases
[2021-10-07 17:19:26.680] [jointLog] [info] Computed expected counts (for bias correction)
[2021-10-07 17:19:26.680] [jointLog] [info] processed bias for 0.0% of the transcripts
[2021-10-07 17:19:27.237] [jointLog] [info] processed bias for 10.0% of the transcripts
[2021-10-07 17:19:27.754] [jointLog] [info] processed bias for 20.0% of the transcripts
[2021-10-07 17:19:28.305] [jointLog] [info] processed bias for 30.0% of the transcripts
[2021-10-07 17:19:28.926] [jointLog] [info] processed bias for 40.0% of the transcripts
[2021-10-07 17:19:29.536] [jointLog] [info] processed bias for 50.0% of the transcripts
[2021-10-07 17:19:30.131] [jointLog] [info] processed bias for 60.0% of the transcripts
[2021-10-07 17:19:30.788] [jointLog] [info] processed bias for 70.0% of the transcripts
[2021-10-07 17:19:31.378] [jointLog] [info] processed bias for 80.0% of the transcripts
[2021-10-07 17:19:32.124] [jointLog] [info] processed bias for 90.0% of the transcripts
[2021-10-07 17:19:32.909] [jointLog] [info] processed bias for 100.0% of the transcripts
[2021-10-07 17:19:33.134] [jointLog] [info] processed bias for 100.0% of the transcripts
[2021-10-07 17:19:33.351] [jointLog] [info] iteration = 100 | max rel diff. = 19.4127
[2021-10-07 17:19:33.585] [jointLog] [info] iteration = 200 | max rel diff. = 2.02496
[2021-10-07 17:19:33.826] [jointLog] [info] iteration = 300 | max rel diff. = 1.03055
[2021-10-07 17:19:34.068] [jointLog] [info] iteration = 400 | max rel diff. = 0.49842
[2021-10-07 17:19:34.304] [jointLog] [info] iteration = 500 | max rel diff. = 0.178529
[2021-10-07 17:19:34.543] [jointLog] [info] iteration = 600 | max rel diff. = 0.713465
[2021-10-07 17:19:34.778] [jointLog] [info] iteration = 700 | max rel diff. = 0.481474
[2021-10-07 17:19:35.012] [jointLog] [info] iteration = 800 | max rel diff. = 0.253613
[2021-10-07 17:19:35.246] [jointLog] [info] iteration = 900 | max rel diff. = 0.0299433
[2021-10-07 17:19:35.480] [jointLog] [info] iteration = 1,000 | max rel diff. = 0.0827651
[2021-10-07 17:19:35.715] [jointLog] [info] iteration = 1,100 | max rel diff. = 0.0815879
[2021-10-07 17:19:35.948] [jointLog] [info] iteration = 1,200 | max rel diff. = 0.366866
[2021-10-07 17:19:36.182] [jointLog] [info] iteration = 1,300 | max rel diff. = 0.197661
[2021-10-07 17:19:36.257] [jointLog] [info] iteration = 1,333 | max rel diff. = 0.0043488
[2021-10-07 17:19:36.264] [jointLog] [info] Finished optimizer
[2021-10-07 17:19:36.264] [jointLog] [info] writing output 

