[2021-10-15 12:20:48.936] [jointLog] [info] setting maxHashResizeThreads to 40
[2021-10-15 12:20:48.936] [jointLog] [info] Fragment incompatibility prior below threshold.  Incompatible fragments will be ignored.
[2021-10-15 12:20:48.936] [jointLog] [info] Usage of --validateMappings implies use of minScoreFraction. Since not explicitly specified, it is being set to 0.65
[2021-10-15 12:20:48.936] [jointLog] [info] Setting consensusSlack to selective-alignment default of 0.35.
[2021-10-15 12:20:48.936] [jointLog] [info] parsing read library format
[2021-10-15 12:20:48.936] [jointLog] [info] There is 1 library.
[2021-10-15 12:20:48.987] [jointLog] [info] Loading pufferfish index
[2021-10-15 12:20:48.987] [jointLog] [info] Loading dense pufferfish index.
[2021-10-15 12:20:49.719] [jointLog] [info] done
[2021-10-15 12:20:49.719] [jointLog] [info] Index contained 28,395 targets
[2021-10-15 12:20:50.216] [jointLog] [info] Number of decoys : 96
[2021-10-15 12:20:50.216] [jointLog] [info] First decoy index : 28,299 
[2021-10-15 12:20:50.555] [jointLog] [info] Automatically detected most likely library type as IU

[2021-10-15 12:21:36.973] [jointLog] [info] Computed 26,116 rich equivalence classes for further processing
[2021-10-15 12:21:36.973] [jointLog] [info] Counted 11,338,640 total reads in the equivalence classes 
[2021-10-15 12:21:36.992] [jointLog] [info] Number of mappings discarded because of alignment score : 1,889,258
[2021-10-15 12:21:36.992] [jointLog] [info] Number of fragments entirely discarded because of alignment score : 985,140
[2021-10-15 12:21:36.992] [jointLog] [info] Number of fragments discarded because they are best-mapped to decoys : 829,531
[2021-10-15 12:21:36.992] [jointLog] [info] Number of fragments discarded because they have only dovetail (discordant) mappings to valid targets : 434,702
[2021-10-15 12:21:36.992] [jointLog] [info] Mapping rate = 84.5026%

[2021-10-15 12:21:36.992] [jointLog] [info] finished quantifyLibrary()
[2021-10-15 12:21:36.992] [jointLog] [info] Starting optimizer
[2021-10-15 12:21:37.007] [jointLog] [info] Marked 0 weighted equivalence classes as degenerate
[2021-10-15 12:21:37.011] [jointLog] [info] iteration = 0 | max rel diff. = 28583.9
[2021-10-15 12:21:37.035] [jointLog] [info] iteration 11, adjusting effective lengths to account for biases
[2021-10-15 12:21:36.973] [fileLog] [info] 
At end of round 0
==================
Observed 13418091 total fragments (13418091 in most recent round)

[2021-10-15 12:21:40.832] [jointLog] [info] Computed expected counts (for bias correction)
[2021-10-15 12:21:40.833] [jointLog] [info] processed bias for 0.1% of the transcripts
[2021-10-15 12:21:41.119] [jointLog] [info] processed bias for 10.0% of the transcripts
[2021-10-15 12:21:41.425] [jointLog] [info] processed bias for 20.0% of the transcripts
[2021-10-15 12:21:41.759] [jointLog] [info] processed bias for 30.0% of the transcripts
[2021-10-15 12:21:42.142] [jointLog] [info] processed bias for 40.0% of the transcripts
[2021-10-15 12:21:42.536] [jointLog] [info] processed bias for 50.0% of the transcripts
[2021-10-15 12:21:42.963] [jointLog] [info] processed bias for 60.0% of the transcripts
[2021-10-15 12:21:43.361] [jointLog] [info] processed bias for 70.0% of the transcripts
[2021-10-15 12:21:43.780] [jointLog] [info] processed bias for 80.0% of the transcripts
[2021-10-15 12:21:44.293] [jointLog] [info] processed bias for 90.0% of the transcripts
[2021-10-15 12:21:44.923] [jointLog] [info] processed bias for 100.0% of the transcripts
[2021-10-15 12:21:44.938] [jointLog] [info] processed bias for 100.0% of the transcripts
[2021-10-15 12:21:45.142] [jointLog] [info] iteration = 100 | max rel diff. = 16.7808
[2021-10-15 12:21:45.369] [jointLog] [info] iteration = 200 | max rel diff. = 6.03487
[2021-10-15 12:21:45.595] [jointLog] [info] iteration = 300 | max rel diff. = 7.42113
[2021-10-15 12:21:45.821] [jointLog] [info] iteration = 400 | max rel diff. = 16.9817
[2021-10-15 12:21:46.048] [jointLog] [info] iteration = 500 | max rel diff. = 6.90466
[2021-10-15 12:21:46.274] [jointLog] [info] iteration = 600 | max rel diff. = 0.053069
[2021-10-15 12:21:46.500] [jointLog] [info] iteration = 700 | max rel diff. = 0.141814
[2021-10-15 12:21:46.727] [jointLog] [info] iteration = 800 | max rel diff. = 0.210047
[2021-10-15 12:21:46.953] [jointLog] [info] iteration = 900 | max rel diff. = 0.255515
[2021-10-15 12:21:47.181] [jointLog] [info] iteration = 1,000 | max rel diff. = 0.550893
[2021-10-15 12:21:47.407] [jointLog] [info] iteration = 1,100 | max rel diff. = 0.0236845
[2021-10-15 12:21:47.632] [jointLog] [info] iteration = 1,200 | max rel diff. = 0.18468
[2021-10-15 12:21:47.754] [jointLog] [info] iteration = 1,255 | max rel diff. = 0.0037833
[2021-10-15 12:21:47.760] [jointLog] [info] Finished optimizer
[2021-10-15 12:21:47.760] [jointLog] [info] writing output 

[2021-10-15 12:21:47.800] [jointLog] [warning] NOTE: Read Lib [[ /data/acmajane/hybrid_AG/hybrid_2_sim_v3_r1.fq.gz, /data/acmajane/hybrid_AG/hybrid_2_sim_v3_r2.fq.gz]] :

Detected a *potential* strand bias > 1% in an unstranded protocol check the file: salmonv3/sim_2_quant/lib_format_counts.json for details

