[2021-10-07 17:24:45.005] [jointLog] [info] setting maxHashResizeThreads to 40
[2021-10-07 17:24:45.005] [jointLog] [info] Fragment incompatibility prior below threshold.  Incompatible fragments will be ignored.
[2021-10-07 17:24:45.005] [jointLog] [info] Usage of --validateMappings implies use of minScoreFraction. Since not explicitly specified, it is being set to 0.65
[2021-10-07 17:24:45.005] [jointLog] [info] Setting consensusSlack to selective-alignment default of 0.35.
[2021-10-07 17:24:45.005] [jointLog] [info] parsing read library format
[2021-10-07 17:24:45.005] [jointLog] [info] There is 1 library.
[2021-10-07 17:24:45.048] [jointLog] [info] Loading pufferfish index
[2021-10-07 17:24:45.048] [jointLog] [info] Loading dense pufferfish index.
[2021-10-07 17:24:45.915] [jointLog] [info] done
[2021-10-07 17:24:45.915] [jointLog] [info] Index contained 31,748 targets
[2021-10-07 17:24:46.507] [jointLog] [info] Number of decoys : 1,870
[2021-10-07 17:24:46.507] [jointLog] [info] First decoy index : 29,878 
[2021-10-07 17:24:47.011] [jointLog] [info] Automatically detected most likely library type as IU

[2021-10-07 17:26:16.175] [fileLog] [info] 
At end of round 0
==================
Observed 20504431 total fragments (20504431 in most recent round)

[2021-10-07 17:26:16.175] [jointLog] [info] Computed 36,894 rich equivalence classes for further processing
[2021-10-07 17:26:16.175] [jointLog] [info] Counted 19,282,530 total reads in the equivalence classes 
[2021-10-07 17:26:16.198] [jointLog] [info] Number of mappings discarded because of alignment score : 3,704,123
[2021-10-07 17:26:16.198] [jointLog] [info] Number of fragments entirely discarded because of alignment score : 636,278
[2021-10-07 17:26:16.198] [jointLog] [info] Number of fragments discarded because they are best-mapped to decoys : 427,531
[2021-10-07 17:26:16.198] [jointLog] [info] Number of fragments discarded because they have only dovetail (discordant) mappings to valid targets : 470,964
[2021-10-07 17:26:16.198] [jointLog] [info] Mapping rate = 94.0408%

[2021-10-07 17:26:16.198] [jointLog] [info] finished quantifyLibrary()
[2021-10-07 17:26:16.199] [jointLog] [info] Starting optimizer
[2021-10-07 17:26:16.219] [jointLog] [info] Marked 0 weighted equivalence classes as degenerate
[2021-10-07 17:26:16.229] [jointLog] [info] iteration = 0 | max rel diff. = 12013.9
[2021-10-07 17:26:16.253] [jointLog] [info] iteration 11, adjusting effective lengths to account for biases
[2021-10-07 17:26:22.169] [jointLog] [info] Computed expected counts (for bias correction)
[2021-10-07 17:26:22.169] [jointLog] [info] processed bias for 0.0% of the transcripts
[2021-10-07 17:26:22.750] [jointLog] [info] processed bias for 10.0% of the transcripts
[2021-10-07 17:26:23.314] [jointLog] [info] processed bias for 20.0% of the transcripts
[2021-10-07 17:26:23.856] [jointLog] [info] processed bias for 30.0% of the transcripts
[2021-10-07 17:26:24.480] [jointLog] [info] processed bias for 40.0% of the transcripts
[2021-10-07 17:26:25.082] [jointLog] [info] processed bias for 50.0% of the transcripts
[2021-10-07 17:26:25.780] [jointLog] [info] processed bias for 60.0% of the transcripts
[2021-10-07 17:26:26.455] [jointLog] [info] processed bias for 70.0% of the transcripts
[2021-10-07 17:26:27.175] [jointLog] [info] processed bias for 80.0% of the transcripts
[2021-10-07 17:26:27.802] [jointLog] [info] processed bias for 90.0% of the transcripts
[2021-10-07 17:26:28.385] [jointLog] [info] processed bias for 100.0% of the transcripts
[2021-10-07 17:26:28.617] [jointLog] [info] iteration = 100 | max rel diff. = 11.0016
[2021-10-07 17:26:28.878] [jointLog] [info] iteration = 200 | max rel diff. = 10.2776
[2021-10-07 17:26:29.143] [jointLog] [info] iteration = 300 | max rel diff. = 0.220153
[2021-10-07 17:26:29.408] [jointLog] [info] iteration = 400 | max rel diff. = 0.21453
[2021-10-07 17:26:29.671] [jointLog] [info] iteration = 500 | max rel diff. = 3.57355
[2021-10-07 17:26:29.937] [jointLog] [info] iteration = 600 | max rel diff. = 0.257194
[2021-10-07 17:26:30.190] [jointLog] [info] iteration = 700 | max rel diff. = 0.263527
[2021-10-07 17:26:30.424] [jointLog] [info] iteration = 800 | max rel diff. = 0.06988
[2021-10-07 17:26:30.659] [jointLog] [info] iteration = 900 | max rel diff. = 1.60451
[2021-10-07 17:26:30.893] [jointLog] [info] iteration = 1,000 | max rel diff. = 0.0364777
[2021-10-07 17:26:31.128] [jointLog] [info] iteration = 1,100 | max rel diff. = 0.0193807
[2021-10-07 17:26:31.363] [jointLog] [info] iteration = 1,200 | max rel diff. = 0.0203729
[2021-10-07 17:26:31.598] [jointLog] [info] iteration = 1,300 | max rel diff. = 0.0346047
[2021-10-07 17:26:31.833] [jointLog] [info] iteration = 1,400 | max rel diff. = 0.0102531
[2021-10-07 17:26:32.069] [jointLog] [info] iteration = 1,500 | max rel diff. = 0.0505959
[2021-10-07 17:26:32.305] [jointLog] [info] iteration = 1,600 | max rel diff. = 0.0251613
[2021-10-07 17:26:32.541] [jointLog] [info] iteration = 1,700 | max rel diff. = 0.0142433
[2021-10-07 17:26:32.716] [jointLog] [info] iteration = 1,776 | max rel diff. = 0.00226477
[2021-10-07 17:26:32.722] [jointLog] [info] Finished optimizer
[2021-10-07 17:26:32.722] [jointLog] [info] writing output 

