[2021-10-15 12:19:51.091] [jointLog] [info] setting maxHashResizeThreads to 40
[2021-10-15 12:19:51.091] [jointLog] [info] Fragment incompatibility prior below threshold.  Incompatible fragments will be ignored.
[2021-10-15 12:19:51.091] [jointLog] [info] Usage of --validateMappings implies use of minScoreFraction. Since not explicitly specified, it is being set to 0.65
[2021-10-15 12:19:51.091] [jointLog] [info] Setting consensusSlack to selective-alignment default of 0.35.
[2021-10-15 12:19:51.091] [jointLog] [info] parsing read library format
[2021-10-15 12:19:51.091] [jointLog] [info] There is 1 library.
[2021-10-15 12:19:51.145] [jointLog] [info] Loading pufferfish index
[2021-10-15 12:19:51.146] [jointLog] [info] Loading dense pufferfish index.
[2021-10-15 12:19:53.381] [jointLog] [info] done
[2021-10-15 12:19:53.381] [jointLog] [info] Index contained 28,395 targets
[2021-10-15 12:19:53.887] [jointLog] [info] Number of decoys : 96
[2021-10-15 12:19:53.887] [jointLog] [info] First decoy index : 28,299 
[2021-10-15 12:19:54.241] [jointLog] [info] Automatically detected most likely library type as IU

[2021-10-15 12:20:37.992] [fileLog] [info] 
At end of round 0
==================
Observed 12829007 total fragments (12829007 in most recent round)

[2021-10-15 12:20:37.991] [jointLog] [info] Computed 25,638 rich equivalence classes for further processing
[2021-10-15 12:20:37.991] [jointLog] [info] Counted 10,861,142 total reads in the equivalence classes 
[2021-10-15 12:20:38.010] [jointLog] [info] Number of mappings discarded because of alignment score : 1,812,521
[2021-10-15 12:20:38.010] [jointLog] [info] Number of fragments entirely discarded because of alignment score : 922,175
[2021-10-15 12:20:38.010] [jointLog] [info] Number of fragments discarded because they are best-mapped to decoys : 775,387
[2021-10-15 12:20:38.010] [jointLog] [info] Number of fragments discarded because they have only dovetail (discordant) mappings to valid targets : 408,047
[2021-10-15 12:20:38.010] [jointLog] [info] Mapping rate = 84.6608%

[2021-10-15 12:20:38.010] [jointLog] [info] finished quantifyLibrary()
[2021-10-15 12:20:38.010] [jointLog] [info] Starting optimizer
[2021-10-15 12:20:38.025] [jointLog] [info] Marked 0 weighted equivalence classes as degenerate
[2021-10-15 12:20:38.029] [jointLog] [info] iteration = 0 | max rel diff. = 8353.11
[2021-10-15 12:20:38.052] [jointLog] [info] iteration 11, adjusting effective lengths to account for biases
[2021-10-15 12:20:41.633] [jointLog] [info] Computed expected counts (for bias correction)
[2021-10-15 12:20:41.633] [jointLog] [info] processed bias for 0.1% of the transcripts
[2021-10-15 12:20:41.949] [jointLog] [info] processed bias for 10.0% of the transcripts
[2021-10-15 12:20:42.317] [jointLog] [info] processed bias for 20.0% of the transcripts
[2021-10-15 12:20:42.670] [jointLog] [info] processed bias for 30.0% of the transcripts
[2021-10-15 12:20:42.992] [jointLog] [info] processed bias for 40.0% of the transcripts
[2021-10-15 12:20:43.337] [jointLog] [info] processed bias for 50.0% of the transcripts
[2021-10-15 12:20:43.693] [jointLog] [info] processed bias for 60.0% of the transcripts
[2021-10-15 12:20:44.056] [jointLog] [info] processed bias for 70.0% of the transcripts
[2021-10-15 12:20:44.441] [jointLog] [info] processed bias for 80.0% of the transcripts
[2021-10-15 12:20:44.900] [jointLog] [info] processed bias for 90.0% of the transcripts
[2021-10-15 12:20:45.535] [jointLog] [info] processed bias for 100.0% of the transcripts
[2021-10-15 12:20:45.569] [jointLog] [info] processed bias for 100.0% of the transcripts
[2021-10-15 12:20:45.778] [jointLog] [info] iteration = 100 | max rel diff. = 17.9907
[2021-10-15 12:20:46.009] [jointLog] [info] iteration = 200 | max rel diff. = 5.43184
[2021-10-15 12:20:46.240] [jointLog] [info] iteration = 300 | max rel diff. = 0.741258
[2021-10-15 12:20:46.470] [jointLog] [info] iteration = 400 | max rel diff. = 1.18195
[2021-10-15 12:20:46.701] [jointLog] [info] iteration = 500 | max rel diff. = 2.09255
[2021-10-15 12:20:46.930] [jointLog] [info] iteration = 600 | max rel diff. = 0.101856
[2021-10-15 12:20:47.159] [jointLog] [info] iteration = 700 | max rel diff. = 0.28684
[2021-10-15 12:20:47.389] [jointLog] [info] iteration = 800 | max rel diff. = 1.40054
[2021-10-15 12:20:47.619] [jointLog] [info] iteration = 900 | max rel diff. = 0.336257
[2021-10-15 12:20:47.746] [jointLog] [info] iteration = 956 | max rel diff. = 0.00837832
[2021-10-15 12:20:47.752] [jointLog] [info] Finished optimizer
[2021-10-15 12:20:47.752] [jointLog] [info] writing output 

[2021-10-15 12:20:47.792] [jointLog] [warning] NOTE: Read Lib [[ /data/acmajane/hybrid_AG/hybrid_1_sim_v3_r1.fq.gz, /data/acmajane/hybrid_AG/hybrid_1_sim_v3_r2.fq.gz]] :

Detected a *potential* strand bias > 1% in an unstranded protocol check the file: salmonv3/sim_1_quant/lib_format_counts.json for details

